# Error Log

> Failures and repeated issues. Use this to add guardrails.

[2026-01-16 16:05:39] ITERATION 0 left uncommitted changes; review run summary at /Users/tinnguyen/ralph-cli/.ralph/PRD-67/runs/run-20260116-155936-2300-iter-1.md
[2026-01-16 16:22:02] ITERATION 0 left uncommitted changes; review run summary at /Users/tinnguyen/ralph-cli/.ralph/PRD-67/runs/run-20260116-161636-16394-iter-1.md
[2026-01-16 16:23:03] ITERATION 0 left uncommitted changes; review run summary at /Users/tinnguyen/ralph-cli/.ralph/PRD-67/runs/run-20260116-161719-17437-iter-1.md
[2026-01-16 16:27:19] ITERATION 0 left uncommitted changes; review run summary at /Users/tinnguyen/ralph-cli/.ralph/PRD-67/runs/run-20260116-161636-16394-iter-2.md
[2026-01-16 16:29:35] ITERATION 0 left uncommitted changes; review run summary at /Users/tinnguyen/ralph-cli/.ralph/PRD-67/runs/run-20260116-161719-17437-iter-2.md
[2026-01-16 16:36:44] ITERATION 0 left uncommitted changes; review run summary at /Users/tinnguyen/ralph-cli/.ralph/PRD-67/runs/run-20260116-161636-16394-iter-3.md
[2026-01-16 16:42:11] ITERATION 0 left uncommitted changes; review run summary at /Users/tinnguyen/ralph-cli/.ralph/PRD-67/runs/run-20260116-161636-16394-iter-4.md
[2026-01-16 16:46:40] ITERATION 0 left uncommitted changes; review run summary at /Users/tinnguyen/ralph-cli/.ralph/PRD-67/runs/run-20260116-161636-16394-iter-5.md
[2026-01-16 16:54:29] ITERATION 0 left uncommitted changes; review run summary at /Users/tinnguyen/ralph-cli/.ralph/PRD-67/runs/run-20260116-161636-16394-iter-6.md
[2026-01-16 16:58:41] ITERATION 0 left uncommitted changes; review run summary at /Users/tinnguyen/ralph-cli/.ralph/PRD-67/runs/run-20260116-161636-16394-iter-7.md
[2026-01-16 17:04:06] ITERATION 0 left uncommitted changes; review run summary at /Users/tinnguyen/ralph-cli/.ralph/PRD-67/runs/run-20260116-161636-16394-iter-8.md
[2026-01-16 17:17:33] ITERATION 0 left uncommitted changes; review run summary at /Users/tinnguyen/ralph-cli/.ralph/PRD-67/runs/run-20260116-161636-16394-iter-9.md
[2026-01-16 17:26:06] ITERATION 0 left uncommitted changes; review run summary at /Users/tinnguyen/ralph-cli/.ralph/PRD-67/runs/run-20260116-161636-16394-iter-10.md
[2026-01-16 17:34:12] ITERATION 0 left uncommitted changes; review run summary at /Users/tinnguyen/ralph-cli/.ralph/PRD-67/runs/run-20260116-161636-16394-iter-11.md
[2026-01-16 17:41:06] ITERATION 0 left uncommitted changes; review run summary at /Users/tinnguyen/ralph-cli/.ralph/PRD-67/runs/run-20260116-161636-16394-iter-12.md
[2026-01-16 18:22:38] ITERATION 0 left uncommitted changes; review run summary at /Users/tinnguyen/ralph-cli/.ralph/PRD-67/runs/run-20260116-161636-16394-iter-13.md
[2026-01-16 18:29:03] ITERATION 14 command failed (status=1)
[2026-01-16 18:29:03] ITERATION 14 left uncommitted changes; review run summary at /Users/tinnguyen/ralph-cli/.ralph/PRD-67/runs/run-20260116-161636-16394-iter-14.md
[2026-01-16 18:29:03] ITERATION 14 exited non-zero (code=1); review /Users/tinnguyen/ralph-cli/.ralph/PRD-67/runs/run-20260116-161636-16394-iter-14.log
[2026-01-16 18:29:23] ITERATION 15 command failed (status=1)
[2026-01-16 18:29:23] ITERATION 1 left uncommitted changes; review run summary at /Users/tinnguyen/ralph-cli/.ralph/PRD-67/runs/run-20260116-161636-16394-iter-15.md
[2026-01-16 18:29:23] ITERATION 1 exited non-zero (code=1); review /Users/tinnguyen/ralph-cli/.ralph/PRD-67/runs/run-20260116-161636-16394-iter-15.log
[2026-01-16 18:31:15] ITERATION 16 command failed (status=1)
[2026-01-16 18:31:15] ITERATION 16 left uncommitted changes; review run summary at /Users/tinnguyen/ralph-cli/.ralph/PRD-67/runs/run-20260116-161636-16394-iter-16.md
[2026-01-16 18:31:16] ITERATION 16 exited non-zero (code=1); review /Users/tinnguyen/ralph-cli/.ralph/PRD-67/runs/run-20260116-161636-16394-iter-16.log
[2026-01-16 18:33:09] ITERATION 17 command failed (status=1)
[2026-01-16 18:33:09] ITERATION 17 left uncommitted changes; review run summary at /Users/tinnguyen/ralph-cli/.ralph/PRD-67/runs/run-20260116-161636-16394-iter-17.md
[2026-01-16 18:33:10] ITERATION 17 exited non-zero (code=1); review /Users/tinnguyen/ralph-cli/.ralph/PRD-67/runs/run-20260116-161636-16394-iter-17.log
[2026-01-16 18:35:00] ITERATION 18 command failed (status=1)
[2026-01-16 18:35:00] ITERATION 18 left uncommitted changes; review run summary at /Users/tinnguyen/ralph-cli/.ralph/PRD-67/runs/run-20260116-161636-16394-iter-18.md
[2026-01-16 18:35:00] ITERATION 18 exited non-zero (code=1); review /Users/tinnguyen/ralph-cli/.ralph/PRD-67/runs/run-20260116-161636-16394-iter-18.log
[2026-01-16 18:36:54] ITERATION 19 command failed (status=1)
[2026-01-16 18:36:54] ITERATION 19 left uncommitted changes; review run summary at /Users/tinnguyen/ralph-cli/.ralph/PRD-67/runs/run-20260116-161636-16394-iter-19.md
[2026-01-16 18:36:55] ITERATION 19 exited non-zero (code=1); review /Users/tinnguyen/ralph-cli/.ralph/PRD-67/runs/run-20260116-161636-16394-iter-19.log
[2026-01-16 18:38:45] ITERATION 20 command failed (status=1)
[2026-01-16 18:38:45] ITERATION 20 left uncommitted changes; review run summary at /Users/tinnguyen/ralph-cli/.ralph/PRD-67/runs/run-20260116-161636-16394-iter-20.md
[2026-01-16 18:38:46] ITERATION 20 exited non-zero (code=1); review /Users/tinnguyen/ralph-cli/.ralph/PRD-67/runs/run-20260116-161636-16394-iter-20.log
